<?xml version="1.0" encoding="UTF-8"?>
<!-- Generated by org.testng.reporters.JUnitXMLReporter -->
<testsuite ignored="0" hostname="DESKTOP-KI9J8S8" failures="0" tests="3" name="Regression UAT" time="0.13" errors="0" timestamp="2023-01-12T22:39:17 IST">
  <testcase classname="org.TestNGEx2.UsersTC2" name="addUsersTC" time="0.011"/>
  <testcase classname="org.TestNGEx2.UsersTC2" name="searchUsersTC" time="0.009"/>
  <testcase classname="org.TestNGEx2.UsersTC2" name="deleteUsersTC" time="0.008"/>
</testsuite> <!-- Regression UAT -->
