<?xml version="1.0" encoding="UTF-8"?>
<!-- Generated by org.testng.reporters.JUnitXMLReporter -->
<testsuite ignored="0" hostname="DESKTOP-KI9J8S8" failures="0" tests="9" name="Regression DEV" time="0.53" errors="0" timestamp="2023-01-13T11:34:38 IST">
  <testcase classname="org.TestNGEx2.UsersTC1" name="addUsersTC" time="0.027"/>
  <testcase classname="org.TestNGEx2.UsersTC1" name="searchUsersTC" time="0.016"/>
  <testcase classname="org.TestNGEx2.UsersTC1" name="deleteUsersTC" time="0.014"/>
  <testcase classname="org.TestNGEx2.CustomersTC1" name="addCustomerTC" time="0.014"/>
  <testcase classname="org.TestNGEx2.CustomersTC1" name="searchUsersustomerTC" time="0.018"/>
  <testcase classname="org.TestNGEx2.CustomersTC1" name="deleteCustomerTC" time="0.012"/>
  <testcase classname="org.TestNGEx2.AccountsTc1" name="addAccountTC" time="0.01"/>
  <testcase classname="org.TestNGEx2.AccountsTc1" name="searchAccountTC" time="0.021"/>
  <testcase classname="org.TestNGEx2.AccountsTc1" name="deleteAccountTC" time="0.014"/>
</testsuite> <!-- Regression DEV -->
