<?xml version="1.0" encoding="UTF-8"?>
<!-- Generated by org.testng.reporters.JUnitXMLReporter -->
<testsuite ignored="0" hostname="DESKTOP-KI9J8S8" failures="0" tests="3" name="Regression" time="0.714" errors="0" timestamp="2023-01-12T16:56:54 IST">
  <testcase classname="org.TestNGEx2.UsersTC2" name="addUsersTC" time="0.019"/>
  <testcase classname="org.TestNGEx2.UsersTC2" name="searchUsersTC" time="0.051"/>
  <testcase classname="org.TestNGEx2.UsersTC2" name="deleteUsersTC" time="0.013"/>
</testsuite> <!-- Regression -->
