<?xml version="1.0" encoding="UTF-8"?>
<!-- Generated by org.testng.reporters.JUnitXMLReporter -->
<testsuite ignored="0" hostname="DESKTOP-KI9J8S8" failures="0" tests="3" name="Regression QA" time="0.717" errors="0" timestamp="2023-01-12T22:50:34 IST">
  <testcase classname="org.TestNGEx2.UsersTC2" name="addUsersTC" time="0.029"/>
  <testcase classname="org.TestNGEx2.UsersTC2" name="searchUsersTC" time="0.017"/>
  <testcase classname="org.TestNGEx2.UsersTC2" name="deleteUsersTC" time="0.018"/>
</testsuite> <!-- Regression QA -->
