<?xml version="1.0" encoding="UTF-8"?>
<!-- Generated by org.testng.reporters.JUnitXMLReporter -->
<testsuite ignored="0" hostname="DESKTOP-KI9J8S8" failures="0" tests="3" name="Sanity" time="0.117" errors="0" timestamp="2023-01-12T16:56:55 IST">
  <testcase classname="org.TestNGEx2.CustomersTC2" name="addUsersTC" time="0.018"/>
  <testcase classname="org.TestNGEx2.CustomersTC2" name="searchUsersTC" time="0.012"/>
  <testcase classname="org.TestNGEx2.CustomersTC2" name="deleteUsersTC" time="0.01"/>
</testsuite> <!-- Sanity -->
