<?xml version="1.0" encoding="UTF-8"?>
<!-- Generated by org.testng.reporters.JUnitXMLReporter -->
<testsuite ignored="0" hostname="DESKTOP-KI9J8S8" failures="0" tests="3" name="Sanity UAT" time="0.113" errors="0" timestamp="2023-01-12T22:50:35 IST">
  <testcase classname="org.TestNGEx2.CustomersTC2" name="addCustomersTC" time="0.006"/>
  <testcase classname="org.TestNGEx2.CustomersTC2" name="searchCustomersTC" time="0.01"/>
  <testcase classname="org.TestNGEx2.CustomersTC2" name="deleteCustomersTC" time="0.013"/>
</testsuite> <!-- Sanity UAT -->
