<?xml version="1.0" encoding="UTF-8"?>
<!-- Generated by org.testng.reporters.JUnitXMLReporter -->
<testsuite ignored="0" hostname="DESKTOP-KI9J8S8" failures="0" tests="3" name="Smoke DEV" time="0.149" errors="0" timestamp="2023-01-12T22:50:35 IST">
  <testcase classname="org.TestNGEx2.AccountsTc2" name="addAccountTC" time="0.02"/>
  <testcase classname="org.TestNGEx2.AccountsTc2" name="searchAccountTC" time="0.008"/>
  <testcase classname="org.TestNGEx2.AccountsTc2" name="deleteAccountTC" time="0.019"/>
</testsuite> <!-- Smoke DEV -->
