<?xml version="1.0" encoding="UTF-8"?>
<!-- Generated by org.testng.reporters.JUnitXMLReporter -->
<testsuite ignored="0" hostname="DESKTOP-KI9J8S8" failures="0" tests="3" name="Smoke" time="0.083" errors="0" timestamp="2023-01-12T16:56:54 IST">
  <testcase classname="org.TestNGEx2.AccountsTc2" name="addAccountTC" time="0.01"/>
  <testcase classname="org.TestNGEx2.AccountsTc2" name="searchAccountTC" time="0.007"/>
  <testcase classname="org.TestNGEx2.AccountsTc2" name="deleteAccountTC" time="0.007"/>
</testsuite> <!-- Smoke -->
