<?xml version="1.0" encoding="UTF-8"?>
<!-- Generated by org.testng.reporters.JUnitXMLReporter -->
<testsuite ignored="0" hostname="DESKTOP-KI9J8S8" failures="0" tests="9" name="Smoke QA" time="0.238" errors="0" timestamp="2023-01-13T11:34:39 IST">
  <testcase classname="org.TestNGEx2.UsersTC2" name="addUsersTC" time="0.003"/>
  <testcase classname="org.TestNGEx2.UsersTC2" name="searchUsersTC" time="0.01"/>
  <testcase classname="org.TestNGEx2.UsersTC2" name="deleteUsersTC" time="0.008"/>
  <testcase classname="org.TestNGEx2.CustomersTC2" name="addCustomersTC" time="0.028"/>
  <testcase classname="org.TestNGEx2.CustomersTC2" name="searchCustomersTC" time="0.009"/>
  <testcase classname="org.TestNGEx2.CustomersTC2" name="deleteCustomersTC" time="0.015"/>
  <testcase classname="org.TestNGEx2.AccountsTc2" name="addAccountTC" time="0.013"/>
  <testcase classname="org.TestNGEx2.AccountsTc2" name="searchAccountTC" time="0.006"/>
  <testcase classname="org.TestNGEx2.AccountsTc2" name="deleteAccountTC" time="0.003"/>
</testsuite> <!-- Smoke QA -->
